docs typecheck: [2m08.53.37[22m [34m[vite][39m Re-optimizing dependencies because vite config has changed
docs typecheck: [2m08.53.37[22m [34m[types][39m Generated [2m193ms[22m
docs typecheck: [2m08.53.37[22m [34m[check][39m Getting diagnostics for Astro files in D:\CODES\almach\base\apps\docs...
docs typecheck: [96msrc/components/AppShell.tsx[0m:[93m217[0m:[93m10[0m - [91merror[0m[90m ts(2375): [0mType '{ page: "home" | "getting-started" | "forms" | "query" | "components" | "component"; componentSlug: string | undefined; }' is not assignable to type 'AppShellProps' with 'exactOptionalPropertyTypes: true'. Consider adding 'undefined' to the types of the target's properties.
docs typecheck:   Types of property 'componentSlug' are incompatible.
docs typecheck:     Type 'string | undefined' is not assignable to type 'string'.
docs typecheck:       Type 'undefined' is not assignable to type 'string'.
docs typecheck: 
docs typecheck: [7m217[0m         <PageContent page={page} componentSlug={componentSlug} />
docs typecheck: [7m   [0m [91m         ~~~~~~~~~~~[0m
docs typecheck: 
docs typecheck: [96msrc/components/pkg-tabs.tsx[0m:[93m25[0m:[93m5[0m - [93mwarning[0m[90m ts(6133): [0m'activePM' is declared but its value is never read.
docs typecheck: 
docs typecheck: [7m25[0m let activePM: PkgManager = "bun";
docs typecheck: [7m  [0m [93m    ~~~~~~~~[0m
docs typecheck: 
docs typecheck: [96msrc/components/pages/forms.tsx[0m:[93m339[0m:[93m27[0m - [91merror[0m[90m ts(2322): [0mType '{ children: Element; value: string; }' is not assignable to type 'IntrinsicAttributes & TabsContentProps & RefAttributes<HTMLDivElement>'.
docs typecheck:   Property 'value' does not exist on type 'IntrinsicAttributes & TabsContentProps & RefAttributes<HTMLDivElement>'.
docs typecheck: 
docs typecheck: [7m339[0m             <Tabs.Content value="how">
docs typecheck: [7m   [0m [91m                          ~~~~~[0m
docs typecheck: [96msrc/components/pages/forms.tsx[0m:[93m336[0m:[93m27[0m - [91merror[0m[90m ts(2322): [0mType '{ children: Element; value: string; }' is not assignable to type 'IntrinsicAttributes & TabsContentProps & RefAttributes<HTMLDivElement>'.
docs typecheck:   Property 'value' does not exist on type 'IntrinsicAttributes & TabsContentProps & RefAttributes<HTMLDivElement>'.
docs typecheck: 
docs typecheck: [7m336[0m             <Tabs.Content value="code">
docs typecheck: [7m   [0m [91m                          ~~~~~[0m
docs typecheck: [96msrc/components/pages/forms.tsx[0m:[93m334[0m:[93m29[0m - [91merror[0m[90m ts(2322): [0mType '{ children: string; value: string; }' is not assignable to type 'IntrinsicAttributes & TabsTriggerProps & RefAttributes<HTMLDivElement>'.
docs typecheck:   Property 'value' does not exist on type 'IntrinsicAttributes & TabsTriggerProps & RefAttributes<HTMLDivElement>'.
docs typecheck: 
docs typecheck: [7m334[0m               <Tabs.Trigger value="how">How it works</Tabs.Trigger>
docs typecheck: [7m   [0m [91m                            ~~~~~[0m
docs typecheck: [96msrc/components/pages/forms.tsx[0m:[93m333[0m:[93m29[0m - [91merror[0m[90m ts(2322): [0mType '{ children: string; value: string; }' is not assignable to type 'IntrinsicAttributes & TabsTriggerProps & RefAttributes<HTMLDivElement>'.
docs typecheck:   Property 'value' does not exist on type 'IntrinsicAttributes & TabsTriggerProps & RefAttributes<HTMLDivElement>'.
docs typecheck: 
docs typecheck: [7m333[0m               <Tabs.Trigger value="code">Code</Tabs.Trigger>
docs typecheck: [7m   [0m [91m                            ~~~~~[0m
docs typecheck: [96msrc/components/pages/forms.tsx[0m:[93m331[0m:[93m17[0m - [91merror[0m[90m ts(2322): [0mType '{ children: Element[]; defaultValue: string; }' is not assignable to type 'IntrinsicAttributes & TabsProps & RefAttributes<HTMLDivElement>'.
docs typecheck:   Property 'defaultValue' does not exist on type 'IntrinsicAttributes & TabsProps & RefAttributes<HTMLDivElement>'.
docs typecheck: 
docs typecheck: [7m331[0m           <Tabs defaultValue="code">
docs typecheck: [7m   [0m [91m                ~~~~~~~~~~~~[0m
docs typecheck: 
docs typecheck: [96msrc/components/pages/home.tsx[0m:[93m205[0m:[93m29[0m - [91merror[0m[90m ts(2322): [0mType '{ defaultChecked: boolean; className: string; }' is not assignable to type 'IntrinsicAttributes & CheckboxProps & RefAttributes<HTMLLabelElement>'.
docs typecheck:   Property 'defaultChecked' does not exist on type 'IntrinsicAttributes & CheckboxProps & RefAttributes<HTMLLabelElement>'.
docs typecheck: 
docs typecheck: [7m205[0m                   <Checkbox defaultChecked={idx < 2} className="h-4 w-4" />
docs typecheck: [7m   [0m [91m                            ~~~~~~~~~~~~~~[0m
docs typecheck: [96msrc/components/pages/home.tsx[0m:[93m121[0m:[93m27[0m - [91merror[0m[90m ts(2322): [0mType '{ defaultChecked: true; size: "sm"; }' is not assignable to type 'IntrinsicAttributes & SwitchProps & RefAttributes<HTMLLabelElement>'.
docs typecheck:   Property 'defaultChecked' does not exist on type 'IntrinsicAttributes & SwitchProps & RefAttributes<HTMLLabelElement>'.
docs typecheck: 
docs typecheck: [7m121[0m                   <Switch defaultChecked size="sm" />
docs typecheck: [7m   [0m [91m                          ~~~~~~~~~~~~~~[0m
docs typecheck: 
docs typecheck: [96msrc/components/pages/query.tsx[0m:[93m394[0m:[93m27[0m - [91merror[0m[90m ts(2322): [0mType '{ children: Element; value: string; }' is not assignable to type 'IntrinsicAttributes & TabsContentProps & RefAttributes<HTMLDivElement>'.
docs typecheck:   Property 'value' does not exist on type 'IntrinsicAttributes & TabsContentProps & RefAttributes<HTMLDivElement>'.
docs typecheck: 
docs typecheck: [7m394[0m             <Tabs.Content value="api">
docs typecheck: [7m   [0m [91m                          ~~~~~[0m
docs typecheck: [96msrc/components/pages/query.tsx[0m:[93m391[0m:[93m27[0m - [91merror[0m[90m ts(2322): [0mType '{ children: Element; value: string; }' is not assignable to type 'IntrinsicAttributes & TabsContentProps & RefAttributes<HTMLDivElement>'.
docs typecheck:   Property 'value' does not exist on type 'IntrinsicAttributes & TabsContentProps & RefAttributes<HTMLDivElement>'.
docs typecheck: 
docs typecheck: [7m391[0m             <Tabs.Content value="code">
docs typecheck: [7m   [0m [91m                          ~~~~~[0m
docs typecheck: [96msrc/components/pages/query.tsx[0m:[93m389[0m:[93m29[0m - [91merror[0m[90m ts(2322): [0mType '{ children: string; value: string; }' is not assignable to type 'IntrinsicAttributes & TabsTriggerProps & RefAttributes<HTMLDivElement>'.
docs typecheck:   Property 'value' does not exist on type 'IntrinsicAttributes & TabsTriggerProps & RefAttributes<HTMLDivElement>'.
docs typecheck: 
docs typecheck: [7m389[0m               <Tabs.Trigger value="api">API</Tabs.Trigger>
docs typecheck: [7m   [0m [91m                            ~~~~~[0m
docs typecheck: [96msrc/components/pages/query.tsx[0m:[93m388[0m:[93m29[0m - [91merror[0m[90m ts(2322): [0mType '{ children: string; value: string; }' is not assignable to type 'IntrinsicAttributes & TabsTriggerProps & RefAttributes<HTMLDivElement>'.
docs typecheck:   Property 'value' does not exist on type 'IntrinsicAttributes & TabsTriggerProps & RefAttributes<HTMLDivElement>'.
docs typecheck: 
docs typecheck: [7m388[0m               <Tabs.Trigger value="code">Code</Tabs.Trigger>
docs typecheck: [7m   [0m [91m                            ~~~~~[0m
docs typecheck: [96msrc/components/pages/query.tsx[0m:[93m386[0m:[93m17[0m - [91merror[0m[90m ts(2322): [0mType '{ children: Element[]; defaultValue: string; }' is not assignable to type 'IntrinsicAttributes & TabsProps & RefAttributes<HTMLDivElement>'.
docs typecheck:   Property 'defaultValue' does not exist on type 'IntrinsicAttributes & TabsProps & RefAttributes<HTMLDivElement>'.
docs typecheck: 
docs typecheck: [7m386[0m           <Tabs defaultValue="code">
docs typecheck: [7m   [0m [91m                ~~~~~~~~~~~~[0m
docs typecheck: [96msrc/components/pages/query.tsx[0m:[93m339[0m:[93m27[0m - [91merror[0m[90m ts(2322): [0mType '{ children: Element; value: string; }' is not assignable to type 'IntrinsicAttributes & TabsContentProps & RefAttributes<HTMLDivElement>'.
docs typecheck:   Property 'value' does not exist on type 'IntrinsicAttributes & TabsContentProps & RefAttributes<HTMLDivElement>'.
docs typecheck: 
docs typecheck: [7m339[0m             <Tabs.Content value="api">
docs typecheck: [7m   [0m [91m                          ~~~~~[0m
docs typecheck: [96msrc/components/pages/query.tsx[0m:[93m336[0m:[93m27[0m - [91merror[0m[90m ts(2322): [0mType '{ children: Element; value: string; }' is not assignable to type 'IntrinsicAttributes & TabsContentProps & RefAttributes<HTMLDivElement>'.
docs typecheck:   Property 'value' does not exist on type 'IntrinsicAttributes & TabsContentProps & RefAttributes<HTMLDivElement>'.
docs typecheck: 
docs typecheck: [7m336[0m             <Tabs.Content value="code">
docs typecheck: [7m   [0m [91m                          ~~~~~[0m
docs typecheck: [96msrc/components/pages/query.tsx[0m:[93m334[0m:[93m29[0m - [91merror[0m[90m ts(2322): [0mType '{ children: string; value: string; }' is not assignable to type 'IntrinsicAttributes & TabsTriggerProps & RefAttributes<HTMLDivElement>'.
docs typecheck:   Property 'value' does not exist on type 'IntrinsicAttributes & TabsTriggerProps & RefAttributes<HTMLDivElement>'.
docs typecheck: 
docs typecheck: [7m334[0m               <Tabs.Trigger value="api">API</Tabs.Trigger>
docs typecheck: [7m   [0m [91m                            ~~~~~[0m
docs typecheck: [96msrc/components/pages/query.tsx[0m:[93m333[0m:[93m29[0m - [91merror[0m[90m ts(2322): [0mType '{ children: string; value: string; }' is not assignable to type 'IntrinsicAttributes & TabsTriggerProps & RefAttributes<HTMLDivElement>'.
docs typecheck:   Property 'value' does not exist on type 'IntrinsicAttributes & TabsTriggerProps & RefAttributes<HTMLDivElement>'.
docs typecheck: 
docs typecheck: [7m333[0m               <Tabs.Trigger value="code">Code</Tabs.Trigger>
docs typecheck: [7m   [0m [91m                            ~~~~~[0m
docs typecheck: [96msrc/components/pages/query.tsx[0m:[93m331[0m:[93m17[0m - [91merror[0m[90m ts(2322): [0mType '{ children: Element[]; defaultValue: string; }' is not assignable to type 'IntrinsicAttributes & TabsProps & RefAttributes<HTMLDivElement>'.
docs typecheck:   Property 'defaultValue' does not exist on type 'IntrinsicAttributes & TabsProps & RefAttributes<HTMLDivElement>'.
docs typecheck: 
docs typecheck: [7m331[0m           <Tabs defaultValue="code">
docs typecheck: [7m   [0m [91m                ~~~~~~~~~~~~[0m
docs typecheck: [96msrc/components/pages/query.tsx[0m:[93m150[0m:[93m33[0m - [91merror[0m[90m ts(2353): [0mObject literal may only specify known properties, and 'title' does not exist in type 'ReactElement<unknown, string | JSXElementConstructor<any>> | Iterable<ReactNode> | ReactPortal | Promise<...> | (() => ReactNode)'.
docs typecheck: 
docs typecheck: [7m150[0m                     showToast({ title: `Deleted "${post.title}"` }),
docs typecheck: [7m   [0m [91m                                ~~~~~[0m
docs typecheck: [96msrc/components/pages/query.tsx[0m:[93m118[0m:[93m21[0m - [91merror[0m[90m ts(2353): [0mObject literal may only specify known properties, and 'title' does not exist in type 'ReactElement<unknown, string | JSXElementConstructor<any>> | Iterable<ReactNode> | ReactPortal | Promise<...> | (() => ReactNode)'.
docs typecheck: 
docs typecheck: [7m118[0m                     title: `Created "${post.title}"`,
docs typecheck: [7m   [0m [91m                    ~~~~~[0m
docs typecheck: [96msrc/components/pages/query.tsx[0m:[93m74[0m:[93m32[0m - [93mwarning[0m[90m ts(6387): [0mThe signature '(): { toast: ((message: titleT, data?: ExternalToast | undefined) => string | number) & { success: (message: string | number | bigint | boolean | ReactElement<unknown, string | JSXElementConstructor<...>> | ... 5 more ... | undefined, data?: ExternalToast | undefined) => string | number; ... 7 more ...; loading: (message: string | ... 9 more ... | undefined, data?: ExternalToast | undefined) => string | number; } & { ...; }; }' of 'useToast' is deprecated.
docs typecheck: 
docs typecheck: [7m74[0m   const { toast: showToast } = useToast();
docs typecheck: [7m  [0m [93m                               ~~~~~~~~[0m
docs typecheck: [96msrc/components/pages/query.tsx[0m:[93m14[0m:[93m3[0m - [93mwarning[0m[90m ts(6385): [0m'useToast' is deprecated.
docs typecheck: 
docs typecheck: [7m14[0m   useToast,
docs typecheck: [7m  [0m [93m  ~~~~~~~~[0m
docs typecheck: 
docs typecheck: [96msrc/components/pages/components/card.tsx[0m:[93m560[0m:[93m25[0m - [91merror[0m[90m ts(2322): [0mType '{ checked: boolean; onCheckedChange: Dispatch<SetStateAction<boolean>>; }' is not assignable to type 'IntrinsicAttributes & SwitchProps & RefAttributes<HTMLLabelElement>'.
docs typecheck:   Property 'checked' does not exist on type 'IntrinsicAttributes & SwitchProps & RefAttributes<HTMLLabelElement>'.
docs typecheck: 
docs typecheck: [7m560[0m         action={<Switch checked={marketing} onCheckedChange={setMarketing} />}
docs typecheck: [7m   [0m [91m                        ~~~~~~~[0m
docs typecheck: [96msrc/components/pages/components/card.tsx[0m:[93m555[0m:[93m25[0m - [91merror[0m[90m ts(2322): [0mType '{ checked: boolean; onCheckedChange: Dispatch<SetStateAction<boolean>>; }' is not assignable to type 'IntrinsicAttributes & SwitchProps & RefAttributes<HTMLLabelElement>'.
docs typecheck:   Property 'checked' does not exist on type 'IntrinsicAttributes & SwitchProps & RefAttributes<HTMLLabelElement>'.
docs typecheck: 
docs typecheck: [7m555[0m         action={<Switch checked={push} onCheckedChange={setPush} />}
docs typecheck: [7m   [0m [91m                        ~~~~~~~[0m
docs typecheck: [96msrc/components/pages/components/card.tsx[0m:[93m550[0m:[93m25[0m - [91merror[0m[90m ts(2322): [0mType '{ checked: boolean; onCheckedChange: Dispatch<SetStateAction<boolean>>; }' is not assignable to type 'IntrinsicAttributes & SwitchProps & RefAttributes<HTMLLabelElement>'.
docs typecheck:   Property 'checked' does not exist on type 'IntrinsicAttributes & SwitchProps & RefAttributes<HTMLLabelElement>'.
docs typecheck: 
docs typecheck: [7m550[0m         action={<Switch checked={email} onCheckedChange={setEmail} />}
docs typecheck: [7m   [0m [91m                        ~~~~~~~[0m
docs typecheck: [96msrc/components/pages/components/card.tsx[0m:[93m400[0m:[93m33[0m - [91merror[0m[90m ts(2322): [0mType '{ defaultChecked: true; }' is not assignable to type 'IntrinsicAttributes & SwitchProps & RefAttributes<HTMLLabelElement>'.
docs typecheck:   Property 'defaultChecked' does not exist on type 'IntrinsicAttributes & SwitchProps & RefAttributes<HTMLLabelElement>'.
docs typecheck: 
docs typecheck: [7m400[0m                 action={<Switch defaultChecked />}
docs typecheck: [7m   [0m [91m                                ~~~~~~~~~~~~~~[0m
docs typecheck: [96msrc/components/pages/components/card.tsx[0m:[93m220[0m:[93m21[0m - [91merror[0m[90m ts(2322): [0mType '{ defaultChecked: true; size: "sm"; "aria-label": string; }' is not assignable to type 'IntrinsicAttributes & SwitchProps & RefAttributes<HTMLLabelElement>'.
docs typecheck:   Property 'defaultChecked' does not exist on type 'IntrinsicAttributes & SwitchProps & RefAttributes<HTMLLabelElement>'.
docs typecheck: 
docs typecheck: [7m220[0m                     defaultChecked
docs typecheck: [7m   [0m [91m                    ~~~~~~~~~~~~~~[0m
docs typecheck: [96msrc/components/pages/components/card.tsx[0m:[93m204[0m:[93m21[0m - [91merror[0m[90m ts(2322): [0mType '{ defaultChecked: true; size: "sm"; "aria-label": string; }' is not assignable to type 'IntrinsicAttributes & SwitchProps & RefAttributes<HTMLLabelElement>'.
docs typecheck:   Property 'defaultChecked' does not exist on type 'IntrinsicAttributes & SwitchProps & RefAttributes<HTMLLabelElement>'.
docs typecheck: 
docs typecheck: [7m204[0m                     defaultChecked
docs typecheck: [7m   [0m [91m                    ~~~~~~~~~~~~~~[0m
docs typecheck: 
docs typecheck: [96msrc/components/pages/components/chart.tsx[0m:[93m237[0m:[93m22[0m - [91merror[0m[90m ts(2375): [0mType '{ key: number; fill: "hsl(var(--chart-1))" | "hsl(var(--chart-2))" | "hsl(var(--chart-3))" | "hsl(var(--chart-4))" | "hsl(var(--chart-5))" | undefined; }' is not assignable to type 'Props' with 'exactOptionalPropertyTypes: true'. Consider adding 'undefined' to the types of the target's properties.
docs typecheck:   Types of property 'fill' are incompatible.
docs typecheck:     Type 'string | undefined' is not assignable to type 'string'.
docs typecheck:       Type 'undefined' is not assignable to type 'string'.
docs typecheck: 
docs typecheck: [7m237[0m                     <Cell
docs typecheck: [7m   [0m [91m                     ~~~~[0m
docs typecheck: [96msrc/components/pages/components/chart.tsx[0m:[93m195[0m:[93m22[0m - [91merror[0m[90m ts(2375): [0mType '{ key: number; fill: "hsl(var(--chart-1))" | "hsl(var(--chart-2))" | "hsl(var(--chart-3))" | "hsl(var(--chart-4))" | "hsl(var(--chart-5))" | undefined; }' is not assignable to type 'Props' with 'exactOptionalPropertyTypes: true'. Consider adding 'undefined' to the types of the target's properties.
docs typecheck:   Types of property 'fill' are incompatible.
docs typecheck:     Type 'string | undefined' is not assignable to type 'string'.
docs typecheck:       Type 'undefined' is not assignable to type 'string'.
docs typecheck: 
docs typecheck: [7m195[0m                     <Cell
docs typecheck: [7m   [0m [91m                     ~~~~[0m
docs typecheck: [96msrc/components/pages/components/chart.tsx[0m:[93m237[0m:[93m22[0m - [93mwarning[0m[90m ts(6385): [0m'Cell' is deprecated.
docs typecheck: 
docs typecheck: [7m237[0m                     <Cell
docs typecheck: [7m   [0m [93m                     ~~~~[0m
docs typecheck: [96msrc/components/pages/components/chart.tsx[0m:[93m195[0m:[93m22[0m - [93mwarning[0m[90m ts(6385): [0m'Cell' is deprecated.
docs typecheck: 
docs typecheck: [7m195[0m                     <Cell
docs typecheck: [7m   [0m [93m                     ~~~~[0m
docs typecheck: [96msrc/components/pages/components/chart.tsx[0m:[93m4[0m:[93m3[0m - [93mwarning[0m[90m ts(6385): [0m'Cell' is deprecated.
docs typecheck: 
docs typecheck: [7m4[0m   Cell,
docs typecheck: [7m [0m [93m  ~~~~[0m
docs typecheck: 
docs typecheck: [96msrc/components/pages/components/checkbox.tsx[0m:[93m186[0m:[93m13[0m - [91merror[0m[90m ts(2322): [0mType '{ id: string; checked: boolean; onCheckedChange: () => void; }' is not assignable to type 'IntrinsicAttributes & CheckboxProps & RefAttributes<HTMLLabelElement>'.
docs typecheck:   Property 'checked' does not exist on type 'IntrinsicAttributes & CheckboxProps & RefAttributes<HTMLLabelElement>'.
docs typecheck: 
docs typecheck: [7m186[0m             checked={selected.includes(id)}
docs typecheck: [7m   [0m [91m            ~~~~~~~[0m
docs typecheck: [96msrc/components/pages/components/checkbox.tsx[0m:[93m62[0m:[93m39[0m - [91merror[0m[90m ts(2322): [0mType '{ id: string; disabled: true; defaultChecked: true; }' is not assignable to type 'IntrinsicAttributes & CheckboxProps & RefAttributes<HTMLLabelElement>'.
docs typecheck:   Property 'disabled' does not exist on type 'IntrinsicAttributes & CheckboxProps & RefAttributes<HTMLLabelElement>'. Did you mean 'isDisabled'?
docs typecheck: 
docs typecheck: [7m62[0m                 <Checkbox id="dis-on" disabled defaultChecked />
docs typecheck: [7m  [0m [91m                                      ~~~~~~~~[0m
docs typecheck: [96msrc/components/pages/components/checkbox.tsx[0m:[93m56[0m:[93m40[0m - [91merror[0m[90m ts(2322): [0mType '{ id: string; disabled: true; }' is not assignable to type 'IntrinsicAttributes & CheckboxProps & RefAttributes<HTMLLabelElement>'.
docs typecheck:   Property 'disabled' does not exist on type 'IntrinsicAttributes & CheckboxProps & RefAttributes<HTMLLabelElement>'. Did you mean 'isDisabled'?
docs typecheck: 
docs typecheck: [7m56[0m                 <Checkbox id="dis-off" disabled />
docs typecheck: [7m  [0m [91m                                       ~~~~~~~~[0m
docs typecheck: [96msrc/components/pages/components/checkbox.tsx[0m:[93m34[0m:[93m38[0m - [91merror[0m[90m ts(2322): [0mType '{ id: string; defaultChecked: true; }' is not assignable to type 'IntrinsicAttributes & CheckboxProps & RefAttributes<HTMLLabelElement>'.
docs typecheck:   Property 'defaultChecked' does not exist on type 'IntrinsicAttributes & CheckboxProps & RefAttributes<HTMLLabelElement>'.
docs typecheck: 
docs typecheck: [7m34[0m                 <Checkbox id="cb-on" defaultChecked />
docs typecheck: [7m  [0m [91m                                     ~~~~~~~~~~~~~~[0m
docs typecheck: [96msrc/components/pages/components/checkbox.tsx[0m:[93m16[0m:[93m36[0m - [91merror[0m[90m ts(2322): [0mType '{ id: string; defaultChecked: true; }' is not assignable to type 'IntrinsicAttributes & CheckboxProps & RefAttributes<HTMLLabelElement>'.
docs typecheck:   Property 'defaultChecked' does not exist on type 'IntrinsicAttributes & CheckboxProps & RefAttributes<HTMLLabelElement>'.
docs typecheck: 
docs typecheck: [7m16[0m               <Checkbox id="terms" defaultChecked />
docs typecheck: [7m  [0m [91m                                   ~~~~~~~~~~~~~~[0m
docs typecheck: 
docs typecheck: [96msrc/components/pages/components/collapsible.tsx[0m:[93m122[0m:[93m9[0m - [91merror[0m[90m ts(2322): [0mType '{ children: Element[]; open: boolean; onOpenChange: Dispatch<SetStateAction<boolean>>; className: string; }' is not assignable to type 'IntrinsicAttributes & CollapsibleRootProps & RefAttributes<HTMLDivElement>'.
docs typecheck:   Property 'open' does not exist on type 'IntrinsicAttributes & CollapsibleRootProps & RefAttributes<HTMLDivElement>'.
docs typecheck: 
docs typecheck: [7m122[0m         open={open}
docs typecheck: [7m   [0m [91m        ~~~~[0m
docs typecheck: 
docs typecheck: [96msrc/components/pages/components/currency-input.tsx[0m:[93m236[0m:[93m35[0m - [91merror[0m[90m ts(2322): [0mType 'Dispatch<SetStateAction<{ amount: number; currency: string; }>>' is not assignable to type '(value: CurrencyValue) => void'.
docs typecheck:   Types of parameters 'value' and 'value' are incompatible.
docs typecheck:     Type 'CurrencyValue' is not assignable to type 'SetStateAction<{ amount: number; currency: string; }>'.
docs typecheck:       Type 'CurrencyValue' is not assignable to type '{ amount: number; currency: string; }'.
docs typecheck:         Types of property 'amount' are incompatible.
docs typecheck:           Type 'number | null' is not assignable to type 'number'.
docs typecheck:             Type 'null' is not assignable to type 'number'.
docs typecheck: 
docs typecheck: [7m236[0m       <Input.Currency value={val} onChange={setVal} />
docs typecheck: [7m   [0m [91m                                  ~~~~~~~~[0m
docs typecheck: 
docs typecheck: [96msrc/components/pages/components/dropdown-menu.tsx[0m:[93m166[0m:[93m36[0m - [91merror[0m[90m ts(2322): [0mType '{ children: string; disabled: true; }' is not assignable to type 'IntrinsicAttributes & DropdownMenuItemProps & RefAttributes<HTMLDivElement>'.
docs typecheck:   Property 'disabled' does not exist on type 'IntrinsicAttributes & DropdownMenuItemProps & RefAttributes<HTMLDivElement>'. Did you mean 'isDisabled'?
docs typecheck: 
docs typecheck: [7m166[0m                 <DropdownMenu.Item disabled>
docs typecheck: [7m   [0m [91m                                   ~~~~~~~~[0m
docs typecheck: 
docs typecheck: [96msrc/components/pages/components/label.tsx[0m:[93m62[0m:[93m40[0m - [91merror[0m[90m ts(2322): [0mType '{ id: string; defaultChecked: true; }' is not assignable to type 'IntrinsicAttributes & CheckboxProps & RefAttributes<HTMLLabelElement>'.
docs typecheck:   Property 'defaultChecked' does not exist on type 'IntrinsicAttributes & CheckboxProps & RefAttributes<HTMLLabelElement>'.
docs typecheck: 
docs typecheck: [7m62[0m                 <Checkbox id="lbl-cb1" defaultChecked />
docs typecheck: [7m  [0m [91m                                       ~~~~~~~~~~~~~~[0m
docs typecheck: 
docs typecheck: [96msrc/components/pages/components/radio.tsx[0m:[93m152[0m:[93m27[0m - [91merror[0m[90m ts(2322): [0mType '{ children: Element[]; value: string; onValueChange: Dispatch<SetStateAction<string>>; "aria-label": string; }' is not assignable to type 'IntrinsicAttributes & Omit<RadioGroupProps & RefAttributes<HTMLDivElement>, "ref"> & RefAttributes<...>'.
docs typecheck:   Property 'onValueChange' does not exist on type 'IntrinsicAttributes & Omit<RadioGroupProps & RefAttributes<HTMLDivElement>, "ref"> & RefAttributes<...>'.
docs typecheck: 
docs typecheck: [7m152[0m       <Radio value={plan} onValueChange={setPlan} aria-label="Billing">
docs typecheck: [7m   [0m [91m                          ~~~~~~~~~~~~~[0m
docs typecheck: [96msrc/components/pages/components/radio.tsx[0m:[93m64[0m:[93m68[0m - [91merror[0m[90m ts(2322): [0mType '{ value: string; label: string; disabled: true; }' is not assignable to type 'IntrinsicAttributes & RadioItemProps & RefAttributes<HTMLLabelElement>'.
docs typecheck:   Property 'disabled' does not exist on type 'IntrinsicAttributes & RadioItemProps & RefAttributes<HTMLLabelElement>'. Did you mean 'isDisabled'?
docs typecheck: 
docs typecheck: [7m64[0m               <Radio.Item value="c" label="Option C (unavailable)" disabled />
docs typecheck: [7m  [0m [91m                                                                   ~~~~~~~~[0m
docs typecheck: 
docs typecheck: [96msrc/components/pages/components/select.tsx[0m:[93m134[0m:[93m25[0m - [91merror[0m[90m ts(2322): [0mType '{ children: Element[]; disabled: true; }' is not assignable to type 'IntrinsicAttributes & SelectRootProps'.
docs typecheck:   Property 'disabled' does not exist on type 'IntrinsicAttributes & SelectRootProps'. Did you mean 'isDisabled'?
docs typecheck: 
docs typecheck: [7m134[0m                 <Select disabled>
docs typecheck: [7m   [0m [91m                        ~~~~~~~~[0m
docs typecheck: 
docs typecheck: [96msrc/components/pages/components/switch.tsx[0m:[93m129[0m:[93m15[0m - [91merror[0m[90m ts(2322): [0mType '{ checked: boolean; onCheckedChange: Dispatch<SetStateAction<boolean>>; }' is not assignable to type 'IntrinsicAttributes & SwitchProps & RefAttributes<HTMLLabelElement>'.
docs typecheck:   Property 'checked' does not exist on type 'IntrinsicAttributes & SwitchProps & RefAttributes<HTMLLabelElement>'.
docs typecheck: 
docs typecheck: [7m129[0m       <Switch checked={on} onCheckedChange={setOn} />
docs typecheck: [7m   [0m [91m              ~~~~~~~[0m
docs typecheck: [96msrc/components/pages/components/switch.tsx[0m:[93m72[0m:[93m27[0m - [91merror[0m[90m ts(2322): [0mType '{ defaultChecked: boolean; disabled: boolean; }' is not assignable to type 'IntrinsicAttributes & SwitchProps & RefAttributes<HTMLLabelElement>'.
docs typecheck:   Property 'defaultChecked' does not exist on type 'IntrinsicAttributes & SwitchProps & RefAttributes<HTMLLabelElement>'.
docs typecheck: 
docs typecheck: [7m72[0m                   <Switch defaultChecked={on} disabled={disabled} />
docs typecheck: [7m  [0m [91m                          ~~~~~~~~~~~~~~[0m
docs typecheck: [96msrc/components/pages/components/switch.tsx[0m:[93m35[0m:[93m25[0m - [91merror[0m[90m ts(2322): [0mType '{ defaultChecked: true; }' is not assignable to type 'IntrinsicAttributes & SwitchProps & RefAttributes<HTMLLabelElement>'.
docs typecheck:   Property 'defaultChecked' does not exist on type 'IntrinsicAttributes & SwitchProps & RefAttributes<HTMLLabelElement>'.
docs typecheck: 
docs typecheck: [7m35[0m                 <Switch defaultChecked />
docs typecheck: [7m  [0m [91m                        ~~~~~~~~~~~~~~[0m
docs typecheck: [96msrc/components/pages/components/switch.tsx[0m:[93m19[0m:[93m39[0m - [91merror[0m[90m ts(2322): [0mType '{ size: "default" | "sm" | "lg"; defaultChecked: true; }' is not assignable to type 'IntrinsicAttributes & SwitchProps & RefAttributes<HTMLLabelElement>'.
docs typecheck:   Property 'defaultChecked' does not exist on type 'IntrinsicAttributes & SwitchProps & RefAttributes<HTMLLabelElement>'.
docs typecheck: 
docs typecheck: [7m19[0m                   <Switch size={size} defaultChecked />
docs typecheck: [7m  [0m [91m                                      ~~~~~~~~~~~~~~[0m
docs typecheck: 
docs typecheck: [96msrc/components/pages/components/tabs.tsx[0m:[93m154[0m:[93m31[0m - [91merror[0m[90m ts(2322): [0mType '{ children: Element; value: string; }' is not assignable to type 'IntrinsicAttributes & TabsContentProps & RefAttributes<HTMLDivElement>'.
docs typecheck:   Property 'value' does not exist on type 'IntrinsicAttributes & TabsContentProps & RefAttributes<HTMLDivElement>'.
docs typecheck: 
docs typecheck: [7m154[0m                 <Tabs.Content value="billing">
docs typecheck: [7m   [0m [91m                              ~~~~~[0m
docs typecheck: [96msrc/components/pages/components/tabs.tsx[0m:[93m149[0m:[93m31[0m - [91merror[0m[90m ts(2322): [0mType '{ children: Element; value: string; }' is not assignable to type 'IntrinsicAttributes & TabsContentProps & RefAttributes<HTMLDivElement>'.
docs typecheck:   Property 'value' does not exist on type 'IntrinsicAttributes & TabsContentProps & RefAttributes<HTMLDivElement>'.
docs typecheck: 
docs typecheck: [7m149[0m                 <Tabs.Content value="active">
docs typecheck: [7m   [0m [91m                              ~~~~~[0m
docs typecheck: [96msrc/components/pages/components/tabs.tsx[0m:[93m145[0m:[93m33[0m - [91merror[0m[90m ts(2322): [0mType '{ children: string; value: string; disabled: true; }' is not assignable to type 'IntrinsicAttributes & TabsTriggerProps & RefAttributes<HTMLDivElement>'.
docs typecheck:   Property 'value' does not exist on type 'IntrinsicAttributes & TabsTriggerProps & RefAttributes<HTMLDivElement>'.
docs typecheck: 
docs typecheck: [7m145[0m                   <Tabs.Trigger value="enterprise" disabled>
docs typecheck: [7m   [0m [91m                                ~~~~~[0m
docs typecheck: [96msrc/components/pages/components/tabs.tsx[0m:[93m144[0m:[93m33[0m - [91merror[0m[90m ts(2322): [0mType '{ children: string; value: string; }' is not assignable to type 'IntrinsicAttributes & TabsTriggerProps & RefAttributes<HTMLDivElement>'.
docs typecheck:   Property 'value' does not exist on type 'IntrinsicAttributes & TabsTriggerProps & RefAttributes<HTMLDivElement>'.
docs typecheck: 
docs typecheck: [7m144[0m                   <Tabs.Trigger value="billing">Billing</Tabs.Trigger>
docs typecheck: [7m   [0m [91m                                ~~~~~[0m
docs typecheck: [96msrc/components/pages/components/tabs.tsx[0m:[93m143[0m:[93m33[0m - [91merror[0m[90m ts(2322): [0mType '{ children: string; value: string; }' is not assignable to type 'IntrinsicAttributes & TabsTriggerProps & RefAttributes<HTMLDivElement>'.
docs typecheck:   Property 'value' does not exist on type 'IntrinsicAttributes & TabsTriggerProps & RefAttributes<HTMLDivElement>'.
docs typecheck: 
docs typecheck: [7m143[0m                   <Tabs.Trigger value="active">Active</Tabs.Trigger>
docs typecheck: [7m   [0m [91m                                ~~~~~[0m
docs typecheck: [96msrc/components/pages/components/tabs.tsx[0m:[93m141[0m:[93m21[0m - [91merror[0m[90m ts(2322): [0mType '{ children: Element[]; defaultValue: string; }' is not assignable to type 'IntrinsicAttributes & TabsProps & RefAttributes<HTMLDivElement>'.
docs typecheck:   Property 'defaultValue' does not exist on type 'IntrinsicAttributes & TabsProps & RefAttributes<HTMLDivElement>'.
docs typecheck: 
docs typecheck: [7m141[0m               <Tabs defaultValue="active">
docs typecheck: [7m   [0m [91m                    ~~~~~~~~~~~~[0m
docs typecheck: [96msrc/components/pages/components/tabs.tsx[0m:[93m116[0m:[93m31[0m - [91merror[0m[90m ts(2322): [0mType '{ children: Element; value: string; }' is not assignable to type 'IntrinsicAttributes & TabsContentProps & RefAttributes<HTMLDivElement>'.
docs typecheck:   Property 'value' does not exist on type 'IntrinsicAttributes & TabsContentProps & RefAttributes<HTMLDivElement>'.
docs typecheck: 
docs typecheck: [7m116[0m                 <Tabs.Content value="archived">
docs typecheck: [7m   [0m [91m                              ~~~~~[0m
docs typecheck: [96msrc/components/pages/components/tabs.tsx[0m:[93m111[0m:[93m31[0m - [91merror[0m[90m ts(2322): [0mType '{ children: Element; value: string; }' is not assignable to type 'IntrinsicAttributes & TabsContentProps & RefAttributes<HTMLDivElement>'.
docs typecheck:   Property 'value' does not exist on type 'IntrinsicAttributes & TabsContentProps & RefAttributes<HTMLDivElement>'.
docs typecheck: 
docs typecheck: [7m111[0m                 <Tabs.Content value="active">
docs typecheck: [7m   [0m [91m                              ~~~~~[0m
docs typecheck: [96msrc/components/pages/components/tabs.tsx[0m:[93m106[0m:[93m31[0m - [91merror[0m[90m ts(2322): [0mType '{ children: Element; value: string; }' is not assignable to type 'IntrinsicAttributes & TabsContentProps & RefAttributes<HTMLDivElement>'.
docs typecheck:   Property 'value' does not exist on type 'IntrinsicAttributes & TabsContentProps & RefAttributes<HTMLDivElement>'.
docs typecheck: 
docs typecheck: [7m106[0m                 <Tabs.Content value="all">
docs typecheck: [7m   [0m [91m                              ~~~~~[0m
docs typecheck: [96msrc/components/pages/components/tabs.tsx[0m:[93m104[0m:[93m33[0m - [91merror[0m[90m ts(2322): [0mType '{ children: string; value: string; }' is not assignable to type 'IntrinsicAttributes & TabsTriggerProps & RefAttributes<HTMLDivElement>'.
docs typecheck:   Property 'value' does not exist on type 'IntrinsicAttributes & TabsTriggerProps & RefAttributes<HTMLDivElement>'.
docs typecheck: 
docs typecheck: [7m104[0m                   <Tabs.Trigger value="archived">Archived</Tabs.Trigger>
docs typecheck: [7m   [0m [91m                                ~~~~~[0m
docs typecheck: [96msrc/components/pages/components/tabs.tsx[0m:[93m103[0m:[93m33[0m - [91merror[0m[90m ts(2322): [0mType '{ children: string; value: string; }' is not assignable to type 'IntrinsicAttributes & TabsTriggerProps & RefAttributes<HTMLDivElement>'.
docs typecheck:   Property 'value' does not exist on type 'IntrinsicAttributes & TabsTriggerProps & RefAttributes<HTMLDivElement>'.
docs typecheck: 
docs typecheck: [7m103[0m                   <Tabs.Trigger value="active">Active</Tabs.Trigger>
docs typecheck: [7m   [0m [91m                                ~~~~~[0m
docs typecheck: [96msrc/components/pages/components/tabs.tsx[0m:[93m102[0m:[93m33[0m - [91merror[0m[90m ts(2322): [0mType '{ children: string; value: string; }' is not assignable to type 'IntrinsicAttributes & TabsTriggerProps & RefAttributes<HTMLDivElement>'.
docs typecheck:   Property 'value' does not exist on type 'IntrinsicAttributes & TabsTriggerProps & RefAttributes<HTMLDivElement>'.
docs typecheck: 
docs typecheck: [7m102[0m                   <Tabs.Trigger value="all">All</Tabs.Trigger>
docs typecheck: [7m   [0m [91m                                ~~~~~[0m
docs typecheck: [96msrc/components/pages/components/tabs.tsx[0m:[93m100[0m:[93m21[0m - [91merror[0m[90m ts(2322): [0mType '{ children: Element[]; defaultValue: string; }' is not assignable to type 'IntrinsicAttributes & TabsProps & RefAttributes<HTMLDivElement>'.
docs typecheck:   Property 'defaultValue' does not exist on type 'IntrinsicAttributes & TabsProps & RefAttributes<HTMLDivElement>'.
docs typecheck: 
docs typecheck: [7m100[0m               <Tabs defaultValue="all">
docs typecheck: [7m   [0m [91m                    ~~~~~~~~~~~~[0m
docs typecheck: [96msrc/components/pages/components/tabs.tsx[0m:[93m74[0m:[93m31[0m - [91merror[0m[90m ts(2322): [0mType '{ children: Element; value: string; }' is not assignable to type 'IntrinsicAttributes & TabsContentProps & RefAttributes<HTMLDivElement>'.
docs typecheck:   Property 'value' does not exist on type 'IntrinsicAttributes & TabsContentProps & RefAttributes<HTMLDivElement>'.
docs typecheck: 
docs typecheck: [7m74[0m                 <Tabs.Content value="examples">
docs typecheck: [7m  [0m [91m                              ~~~~~[0m
docs typecheck: [96msrc/components/pages/components/tabs.tsx[0m:[93m69[0m:[93m31[0m - [91merror[0m[90m ts(2322): [0mType '{ children: Element; value: string; }' is not assignable to type 'IntrinsicAttributes & TabsContentProps & RefAttributes<HTMLDivElement>'.
docs typecheck:   Property 'value' does not exist on type 'IntrinsicAttributes & TabsContentProps & RefAttributes<HTMLDivElement>'.
docs typecheck: 
docs typecheck: [7m69[0m                 <Tabs.Content value="api">
docs typecheck: [7m  [0m [91m                              ~~~~~[0m
docs typecheck: [96msrc/components/pages/components/tabs.tsx[0m:[93m64[0m:[93m31[0m - [91merror[0m[90m ts(2322): [0mType '{ children: Element; value: string; }' is not assignable to type 'IntrinsicAttributes & TabsContentProps & RefAttributes<HTMLDivElement>'.
docs typecheck:   Property 'value' does not exist on type 'IntrinsicAttributes & TabsContentProps & RefAttributes<HTMLDivElement>'.
docs typecheck: 
docs typecheck: [7m64[0m                 <Tabs.Content value="docs">
docs typecheck: [7m  [0m [91m                              ~~~~~[0m
docs typecheck: [96msrc/components/pages/components/tabs.tsx[0m:[93m62[0m:[93m33[0m - [91merror[0m[90m ts(2322): [0mType '{ children: string; value: string; }' is not assignable to type 'IntrinsicAttributes & TabsTriggerProps & RefAttributes<HTMLDivElement>'.
docs typecheck:   Property 'value' does not exist on type 'IntrinsicAttributes & TabsTriggerProps & RefAttributes<HTMLDivElement>'.
docs typecheck: 
docs typecheck: [7m62[0m                   <Tabs.Trigger value="examples">Examples</Tabs.Trigger>
docs typecheck: [7m  [0m [91m                                ~~~~~[0m
docs typecheck: [96msrc/components/pages/components/tabs.tsx[0m:[93m61[0m:[93m33[0m - [91merror[0m[90m ts(2322): [0mType '{ children: string; value: string; }' is not assignable to type 'IntrinsicAttributes & TabsTriggerProps & RefAttributes<HTMLDivElement>'.
docs typecheck:   Property 'value' does not exist on type 'IntrinsicAttributes & TabsTriggerProps & RefAttributes<HTMLDivElement>'.
docs typecheck: 
docs typecheck: [7m61[0m                   <Tabs.Trigger value="api">API Reference</Tabs.Trigger>
docs typecheck: [7m  [0m [91m                                ~~~~~[0m
docs typecheck: [96msrc/components/pages/components/tabs.tsx[0m:[93m60[0m:[93m33[0m - [91merror[0m[90m ts(2322): [0mType '{ children: string; value: string; }' is not assignable to type 'IntrinsicAttributes & TabsTriggerProps & RefAttributes<HTMLDivElement>'.
docs typecheck:   Property 'value' does not exist on type 'IntrinsicAttributes & TabsTriggerProps & RefAttributes<HTMLDivElement>'.
docs typecheck: 
docs typecheck: [7m60[0m                   <Tabs.Trigger value="docs">Documentation</Tabs.Trigger>
docs typecheck: [7m  [0m [91m                                ~~~~~[0m
docs typecheck: [96msrc/components/pages/components/tabs.tsx[0m:[93m58[0m:[93m21[0m - [91merror[0m[90m ts(2322): [0mType '{ children: Element[]; defaultValue: string; }' is not assignable to type 'IntrinsicAttributes & TabsProps & RefAttributes<HTMLDivElement>'.
docs typecheck:   Property 'defaultValue' does not exist on type 'IntrinsicAttributes & TabsProps & RefAttributes<HTMLDivElement>'.
docs typecheck: 
docs typecheck: [7m58[0m               <Tabs defaultValue="docs">
docs typecheck: [7m  [0m [91m                    ~~~~~~~~~~~~[0m
docs typecheck: [96msrc/components/pages/components/tabs.tsx[0m:[93m32[0m:[93m31[0m - [91merror[0m[90m ts(2322): [0mType '{ children: Element; value: string; }' is not assignable to type 'IntrinsicAttributes & TabsContentProps & RefAttributes<HTMLDivElement>'.
docs typecheck:   Property 'value' does not exist on type 'IntrinsicAttributes & TabsContentProps & RefAttributes<HTMLDivElement>'.
docs typecheck: 
docs typecheck: [7m32[0m                 <Tabs.Content value="settings">
docs typecheck: [7m  [0m [91m                              ~~~~~[0m
docs typecheck: [96msrc/components/pages/components/tabs.tsx[0m:[93m27[0m:[93m31[0m - [91merror[0m[90m ts(2322): [0mType '{ children: Element; value: string; }' is not assignable to type 'IntrinsicAttributes & TabsContentProps & RefAttributes<HTMLDivElement>'.
docs typecheck:   Property 'value' does not exist on type 'IntrinsicAttributes & TabsContentProps & RefAttributes<HTMLDivElement>'.
docs typecheck: 
docs typecheck: [7m27[0m                 <Tabs.Content value="analytics">
docs typecheck: [7m  [0m [91m                              ~~~~~[0m
docs typecheck: [96msrc/components/pages/components/tabs.tsx[0m:[93m22[0m:[93m31[0m - [91merror[0m[90m ts(2322): [0mType '{ children: Element; value: string; }' is not assignable to type 'IntrinsicAttributes & TabsContentProps & RefAttributes<HTMLDivElement>'.
docs typecheck:   Property 'value' does not exist on type 'IntrinsicAttributes & TabsContentProps & RefAttributes<HTMLDivElement>'.
docs typecheck: 
docs typecheck: [7m22[0m                 <Tabs.Content value="overview">
docs typecheck: [7m  [0m [91m                              ~~~~~[0m
docs typecheck: [96msrc/components/pages/components/tabs.tsx[0m:[93m20[0m:[93m33[0m - [91merror[0m[90m ts(2322): [0mType '{ children: string; value: string; }' is not assignable to type 'IntrinsicAttributes & TabsTriggerProps & RefAttributes<HTMLDivElement>'.
docs typecheck:   Property 'value' does not exist on type 'IntrinsicAttributes & TabsTriggerProps & RefAttributes<HTMLDivElement>'.
docs typecheck: 
docs typecheck: [7m20[0m                   <Tabs.Trigger value="settings">Settings</Tabs.Trigger>
docs typecheck: [7m  [0m [91m                                ~~~~~[0m
docs typecheck: [96msrc/components/pages/components/tabs.tsx[0m:[93m19[0m:[93m33[0m - [91merror[0m[90m ts(2322): [0mType '{ children: string; value: string; }' is not assignable to type 'IntrinsicAttributes & TabsTriggerProps & RefAttributes<HTMLDivElement>'.
docs typecheck:   Property 'value' does not exist on type 'IntrinsicAttributes & TabsTriggerProps & RefAttributes<HTMLDivElement>'.
docs typecheck: 
docs typecheck: [7m19[0m                   <Tabs.Trigger value="analytics">Analytics</Tabs.Trigger>
docs typecheck: [7m  [0m [91m                                ~~~~~[0m
docs typecheck: [96msrc/components/pages/components/tabs.tsx[0m:[93m18[0m:[93m33[0m - [91merror[0m[90m ts(2322): [0mType '{ children: string; value: string; }' is not assignable to type 'IntrinsicAttributes & TabsTriggerProps & RefAttributes<HTMLDivElement>'.
docs typecheck:   Property 'value' does not exist on type 'IntrinsicAttributes & TabsTriggerProps & RefAttributes<HTMLDivElement>'.
docs typecheck: 
docs typecheck: [7m18[0m                   <Tabs.Trigger value="overview">Overview</Tabs.Trigger>
docs typecheck: [7m  [0m [91m                                ~~~~~[0m
docs typecheck: [96msrc/components/pages/components/tabs.tsx[0m:[93m16[0m:[93m21[0m - [91merror[0m[90m ts(2322): [0mType '{ children: Element[]; defaultValue: string; }' is not assignable to type 'IntrinsicAttributes & TabsProps & RefAttributes<HTMLDivElement>'.
docs typecheck:   Property 'defaultValue' does not exist on type 'IntrinsicAttributes & TabsProps & RefAttributes<HTMLDivElement>'.
docs typecheck: 
docs typecheck: [7m16[0m               <Tabs defaultValue="overview">
docs typecheck: [7m  [0m [91m                    ~~~~~~~~~~~~[0m
docs typecheck: 
docs typecheck: [96msrc/components/pages/components/tooltip.tsx[0m:[93m7[0m:[93m23[0m - [91merror[0m[90m ts(2322): [0mType '{ children: Element; delayDuration: number; }' is not assignable to type 'IntrinsicAttributes & TooltipProviderProps'.
docs typecheck:   Property 'delayDuration' does not exist on type 'IntrinsicAttributes & TooltipProviderProps'.
docs typecheck: 
docs typecheck: [7m7[0m     <Tooltip.Provider delayDuration={300}>
docs typecheck: [7m [0m [91m                      ~~~~~~~~~~~~~[0m
docs typecheck: 
docs typecheck: Result (60 files): 
docs typecheck: - 72 errors
docs typecheck: - 0 warnings
docs typecheck: - 6 hints
docs typecheck: 
docs typecheck: Exited with code 1
